Arguments: 
  C:\Program Files\nodejs\node.exe C:\Users\yanping.lei\AppData\Roaming\npm\node_modules\yarn\bin\yarn.js add elemenpt-plus

PATH: 
  C:\Windows\system32;C:\Windows;C:\Windows\System32\Wbem;C:\Windows\System32\WindowsPowerShell\v1.0\;C:\Windows\System32\OpenSSH\;C:\Program Files (x86)\NVIDIA Corporation\PhysX\Common;C:\Program Files\nvm;C:\Program Files\nodejs;C:\Program Files\Git\cmd;C:\Program Files\nodejs\;C:\Users\yanping.lei\AppData\Local\Microsoft\WindowsApps;C:\Program Files\nvm;C:\Program Files\nodejs;C:\Users\yanping.lei\AppData\Local\Programs\Microsoft VS Code\bin;C:\Users\yanping.lei\AppData\Roaming\npm

Yarn version: 
  1.22.11

Node version: 
  14.17.5

Platform: 
  win32 x64

Trace: 
  Error: connect ETIMEDOUT 104.16.23.35:443
      at TCPConnectWrap.afterConnect [as oncomplete] (net.js:1148:16)

npm manifest: 
  {
      "name": "heros-cli",
      "version": "2.0.2",
      "description": "hero project cli",
      "author": "loretta_lei",
      "license": "ISC",
      "bin": {
          "heros": "index.js"
      },
      "homepage": "https://github.com/LorettaLei/heros-cli",
      "bugs": {
          "url": "https://github.com/LorettaLei/heros-cli/issues"
      },
      "dependencies": {
          "chalk": "^4.1.2",
          "commander": "^8.3.0",
          "fs-extra": "^10.0.0",
          "inquirer": "^8.2.0",
          "ora": "^5.4.1"
      }
  }

yarn manifest: 
  No manifest

Lockfile: 
  No lockfile
